2025-08-10 10:10:45 [info] Server running on port 5000 
2025-08-10 10:13:06 [info] Server running on port 5000 
2025-08-10 10:19:17 [info] Server running on port 5000 
2025-08-10 10:20:04 [info] Server running on port 5000 
2025-08-10 10:34:51 [info] Server running on port 5000 
2025-08-10 10:36:11 [info] Server running on port 5000 
2025-08-10 10:37:10 [info] Server running on port 5000 
2025-08-10 10:40:50 [info] Server running on port 5000 
2025-08-10 10:41:10 [info] Server running on port 5000 
2025-08-10 10:41:20 [info] Server running on port 5000 
2025-08-10 10:42:24 [info] Server running on port 5000 
2025-08-10 10:43:13 [info] Server running on port 5000 
2025-08-10 10:43:32 [info] Server running on port 5000 
2025-08-10 10:49:30 [info] Server running on port 5000 
2025-08-10 10:54:59 [info] Server running on port 5000 
2025-08-10 10:56:44 [info] Server running on port 5000 
2025-08-10 10:58:48 [info] Server running on port 5000 
2025-08-10 11:00:20 [error] UNHANDLED REJECTION: logger is not defined 
ReferenceError: logger is not defined
    at Server.<anonymous> (/Users/mac/Vyre-Africa-Backend/build/server.js:55:5)
    at Object.onceWrapper (node:events:634:28)
    at Server.emit (node:events:532:35)
    at emitListeningNT (node:net:1945:10)
    at process.processTicksAndRejections (node:internal/process/task_queues:89:21)
2025-08-10 11:00:38 [info] Server running on port 5000 
2025-08-10 11:00:38 [info] Server running on port 5000 
2025-08-10 11:03:28 [info] Server running on port 5000 
2025-08-10 11:06:41 [info] Server running on port 5000 
2025-08-10 11:10:45 [info] Server running on port 5000 
2025-08-10 11:24:31 [info] Server running on port 5000 
2025-08-10 11:30:49 [info] Server running on port 5000 
2025-08-10 11:58:02 [info] Server running on port 5000 
2025-08-10 12:07:25 [info] Server running on port 5000 
2025-08-10 12:08:04 [info] Server running on port 5000 
2025-09-01 05:47:33 [info] Server running on port 5000 
2025-09-01 06:05:26 [info] Server running on port 5000 
2025-09-01 09:14:48 [info] Server running on port 5000 
2025-09-01 09:15:01 [info] Server running on port 5000 
2025-09-01 09:15:08 [info] Server running on port 5000 
2025-09-01 09:15:35 [info] Server running on port 5000 
2025-09-01 09:15:42 [info] Server running on port 5000 
2025-09-01 09:16:12 [info] Server running on port 5000 
2025-09-01 09:16:40 [info] Server running on port 5000 
2025-09-01 09:16:49 [info] Server running on port 5000 
2025-09-01 09:17:03 [info] Server running on port 5000 
2025-09-01 09:56:31 [info] Server running on port 5000 
2025-09-01 12:26:24 [info] Server running on port 5000 
2025-09-01 12:53:03 [info] Server running on port 5000 
2025-09-01 15:49:16 [info] Server running on port 5000 
2025-09-01 22:03:54 [info] Server running on port 5000 
2025-09-02 17:53:30 [info] Server running on port 5000 
2025-09-03 05:48:39 [info] Server running on port 5000 
2025-09-03 09:29:23 [info] Server running on port 5000 
2025-09-03 18:19:07 [info] Server running on port 5000 
2025-09-03 18:19:26 [info] Server running on port 5000 
2025-09-03 18:19:33 [info] Server running on port 5000 
2025-09-03 18:20:06 [info] Server running on port 5000 
2025-09-03 18:41:02 [info] Server running on port 5000 
2025-09-03 18:56:11 [info] Server running on port 5000 
2025-09-03 18:57:01 [info] Server running on port 5000 
2025-09-03 19:18:23 [info] Server running on port 5000 
2025-09-03 19:20:22 [info] Server running on port 5000 
2025-09-03 19:20:36 [info] Server running on port 5000 
2025-09-03 19:20:49 [info] Server running on port 5000 
2025-09-03 19:20:55 [info] Server running on port 5000 
2025-09-03 19:23:24 [info] Server running on port 5000 
2025-09-03 19:24:37 [info] Server running on port 5000 
2025-09-03 19:35:51 [info] Server running on port 5000 
2025-09-03 19:58:17 [info] Server running on port 5000 
2025-09-03 20:04:53 [info] Server running on port 5000 
2025-09-03 20:05:06 [info] Server running on port 5000 
2025-09-03 20:06:54 [info] Server running on port 5000 
2025-09-03 20:11:49 [info] Server running on port 5000 
2025-09-03 20:19:32 [info] Server running on port 5000 
2025-09-03 20:22:16 [info] Server running on port 5000 
2025-09-03 20:22:25 [info] Server running on port 5000 
2025-09-03 20:22:41 [info] Server running on port 5000 
2025-09-03 20:22:50 [info] Server running on port 5000 
2025-09-03 20:23:00 [info] Server running on port 5000 
2025-09-03 20:23:16 [info] Server running on port 5000 
2025-09-03 20:37:39 [info] Server running on port 5000 
2025-09-03 20:47:38 [info] Server running on port 5000 
2025-09-03 20:50:55 [info] Server running on port 5000 
2025-09-03 20:51:50 [info] Server running on port 5000 
2025-09-03 20:53:43 [info] Server running on port 5000 
2025-09-03 20:53:48 [info] Server running on port 5000 
2025-09-03 20:56:39 [info] Server running on port 5000 
2025-09-03 21:13:10 [info] Server running on port 5000 
2025-09-03 21:16:07 [info] Server running on port 5000 
2025-09-03 21:29:26 [info] Server running on port 5000 
2025-09-03 21:41:07 [info] Server running on port 5000 
2025-09-04 00:22:51 [info] Server running on port 5000 
2025-09-04 00:31:00 [info] Server running on port 5000 
2025-09-04 00:31:14 [info] Server running on port 5000 
2025-09-04 00:34:27 [info] Server running on port 5000 
2025-09-04 00:35:21 [info] Server running on port 5000 
2025-09-04 00:35:42 [info] Server running on port 5000 
2025-09-04 00:35:53 [info] Server running on port 5000 
2025-09-04 00:39:06 [info] Server running on port 5000 
2025-09-04 00:39:19 [info] Server running on port 5000 
2025-09-04 00:39:47 [info] Server running on port 5000 
2025-09-04 00:40:20 [info] Server running on port 5000 
2025-09-04 00:40:32 [info] Server running on port 5000 
2025-09-04 00:40:57 [info] Server running on port 5000 
2025-09-04 00:41:14 [info] Server running on port 5000 
2025-09-04 00:45:38 [info] Server running on port 5000 
2025-09-04 00:46:55 [info] Server running on port 5000 
2025-09-04 00:47:09 [info] Server running on port 5000 
2025-09-04 00:49:05 [info] Server running on port 5000 
2025-09-04 00:51:37 [info] Server running on port 5000 
2025-09-04 00:53:34 [info] Server running on port 5000 
2025-09-04 00:55:12 [info] Server running on port 5000 
2025-09-04 00:58:09 [info] Server running on port 5000 
2025-09-04 01:02:03 [info] Server running on port 5000 
2025-09-04 01:06:07 [info] Server running on port 5000 
2025-09-04 01:06:33 [info] Server running on port 5000 
2025-09-04 01:10:35 [info] Server running on port 5000 
2025-09-04 01:10:49 [info] Server running on port 5000 
2025-09-04 01:16:07 [info] Server running on port 5000 
2025-09-04 01:25:08 [info] Server running on port 5000 
2025-09-04 02:00:24 [info] Server running on port 5000 
2025-09-04 02:41:29 [info] Server running on port 5000 
2025-09-04 02:41:36 [info] Server running on port 5000 
2025-09-04 03:01:39 [info] Server running on port 5000 
2025-09-04 03:01:50 [info] Server running on port 5000 
2025-09-04 03:02:04 [info] Server running on port 5000 
2025-09-04 03:02:12 [info] Server running on port 5000 
2025-09-04 03:02:28 [info] Server running on port 5000 
2025-09-04 03:02:39 [info] Server running on port 5000 
2025-09-04 03:04:02 [info] Server running on port 5000 
2025-09-04 03:04:19 [info] Server running on port 5000 
2025-09-04 03:04:36 [info] Server running on port 5000 
2025-09-04 03:04:43 [info] Server running on port 5000 
2025-09-04 03:04:48 [info] Server running on port 5000 
2025-09-04 03:09:48 [info] Server running on port 5000 
2025-09-04 03:09:59 [info] Server running on port 5000 
2025-09-04 03:10:10 [info] Server running on port 5000 
2025-09-04 03:11:04 [info] Server running on port 5000 
2025-09-04 03:11:08 [info] Server running on port 5000 
2025-09-04 04:11:25 [info] Server running on port 5000 
2025-09-04 05:05:05 [info] Server running on port 5000 
2025-09-04 05:07:31 [info] Server running on port 5000 
2025-09-04 05:16:17 [info] Server running on port 5000 
2025-09-04 05:18:50 [info] Server running on port 5000 
2025-09-04 05:20:24 [info] Server running on port 5000 
2025-09-04 05:26:02 [info] Server running on port 5000 
2025-09-04 05:31:30 [info] Server running on port 5000 
2025-09-04 05:32:58 [info] Server running on port 5000 
2025-09-04 05:39:32 [info] Server running on port 5000 
2025-09-04 05:47:24 [info] Server running on port 5000 
2025-09-04 05:47:34 [info] Server running on port 5000 
2025-09-04 12:47:55 [info] Server running on port 5000 
2025-09-04 12:49:22 [info] Server running on port 5000 
2025-09-04 12:50:11 [info] Server running on port 5000 
2025-09-04 12:51:44 [info] Server running on port 5000 
2025-09-04 12:52:41 [info] Server running on port 5000 
2025-09-04 12:53:33 [info] Server running on port 5000 
2025-09-04 12:57:11 [info] Server running on port 5000 
2025-09-04 13:10:59 [info] Server running on port 5000 
2025-09-04 13:14:53 [info] Server running on port 5000 
2025-09-04 13:16:03 [info] Server running on port 5000 
2025-09-04 13:16:20 [info] Server running on port 5000 
2025-09-04 13:34:51 [info] Server running on port 5000 
2025-09-04 13:43:53 [info] Server running on port 5000 
2025-09-04 13:51:46 [info] Server running on port 5000 
2025-09-04 13:53:51 [info] Server running on port 5000 
2025-09-04 13:53:57 [info] Server running on port 5000 
2025-09-04 14:02:01 [info] Server running on port 5000 
2025-09-04 14:03:41 [info] Server running on port 5000 
2025-09-04 14:04:49 [info] Server running on port 5000 
2025-09-04 14:16:46 [info] Server running on port 5000 
2025-09-04 14:17:17 [info] Server running on port 5000 
2025-09-04 14:17:42 [info] Server running on port 5000 
2025-09-04 14:18:04 [info] Server running on port 5000 
2025-09-04 14:27:22 [info] Server running on port 5000 
2025-09-05 16:13:57 [info] Server running on port 5000 
2025-09-06 09:30:23 [info] Server running on port 5000 
2025-09-06 09:30:49 [info] Server running on port 5000 
2025-09-06 09:33:32 [info] Server running on port 5000 
2025-09-06 09:33:52 [info] Server running on port 5000 
2025-09-06 09:34:19 [info] Server running on port 5000 
2025-09-06 09:36:11 [info] Server running on port 5000 
2025-09-06 09:36:45 [info] Server running on port 5000 
2025-09-06 09:36:52 [info] Server running on port 5000 
2025-09-06 09:37:25 [info] Server running on port 5000 
2025-09-06 09:37:44 [info] Server running on port 5000 
2025-09-06 09:37:57 [info] Server running on port 5000 
2025-09-06 09:38:23 [info] Server running on port 5000 
2025-09-06 09:39:07 [info] Server running on port 5000 
2025-09-06 09:39:25 [info] Server running on port 5000 
2025-09-06 09:39:34 [info] Server running on port 5000 
2025-09-06 09:40:53 [info] Server running on port 5000 
2025-09-06 16:11:11 [info] Server running on port 5000 
2025-09-06 16:12:51 [info] Server running on port 5000 
2025-09-06 16:13:01 [info] Server running on port 5000 
2025-09-06 16:15:52 [info] Server running on port 5000 
2025-09-06 16:16:15 [info] Server running on port 5000 
2025-09-06 16:16:48 [info] Server running on port 5000 
2025-09-06 16:16:55 [info] Server running on port 5000 
2025-09-06 16:17:03 [info] Server running on port 5000 
2025-09-06 16:17:12 [info] Server running on port 5000 
2025-09-06 16:17:29 [info] Server running on port 5000 
2025-09-06 16:17:35 [info] Server running on port 5000 
2025-09-06 16:17:46 [info] Server running on port 5000 
2025-09-06 16:18:01 [info] Server running on port 5000 
2025-09-06 16:18:11 [info] Server running on port 5000 
2025-09-06 16:18:21 [info] Server running on port 5000 
2025-09-06 16:18:43 [info] Server running on port 5000 
2025-09-06 16:19:13 [info] Server running on port 5000 
2025-09-06 16:19:58 [info] Server running on port 5000 
2025-09-06 16:20:53 [info] Server running on port 5000 
2025-09-06 16:22:01 [info] Server running on port 5000 
2025-09-06 16:22:08 [info] Server running on port 5000 
2025-09-06 16:23:03 [info] Server running on port 5000 
2025-09-06 16:23:12 [info] Server running on port 5000 
2025-09-06 16:25:05 [info] Server running on port 5000 
2025-09-06 16:25:12 [info] Server running on port 5000 
2025-09-06 16:25:25 [info] Server running on port 5000 
2025-09-06 16:25:36 [info] Server running on port 5000 
2025-09-06 16:25:47 [info] Server running on port 5000 
2025-09-06 16:27:02 [info] Server running on port 5000 
2025-09-06 16:27:17 [info] Server running on port 5000 
2025-09-06 16:27:33 [info] Server running on port 5000 
2025-09-06 16:27:43 [info] Server running on port 5000 
2025-09-06 16:27:56 [info] Server running on port 5000 
2025-09-06 16:28:25 [info] Server running on port 5000 
2025-09-06 16:28:52 [info] Server running on port 5000 
2025-09-06 16:29:16 [info] Server running on port 5000 
2025-09-06 16:30:44 [info] Server running on port 5000 
2025-09-06 16:31:14 [info] Server running on port 5000 
2025-09-06 16:31:23 [info] Server running on port 5000 
2025-09-06 16:31:38 [info] Server running on port 5000 
2025-09-06 16:32:35 [info] Server running on port 5000 
2025-09-06 16:32:55 [info] Server running on port 5000 
2025-09-06 16:33:48 [info] Server running on port 5000 
2025-09-06 16:34:24 [info] Server running on port 5000 
2025-09-06 16:36:56 [info] Server running on port 5000 
2025-09-06 16:37:05 [info] Server running on port 5000 
2025-09-06 16:37:18 [info] Server running on port 5000 
2025-09-06 16:39:34 [info] Server running on port 5000 
2025-09-06 16:39:39 [info] Server running on port 5000 
2025-09-06 16:39:49 [info] Server running on port 5000 
2025-09-06 16:40:02 [info] Server running on port 5000 
2025-09-06 16:40:07 [info] Server running on port 5000 
2025-09-06 16:47:12 [info] Server running on port 5000 
2025-09-07 18:39:58 [info] Server running on port 5000 
2025-09-08 13:11:36 [info] Server running on port 5000 
2025-09-08 19:16:40 [info] Server running on port 5000 
2025-09-08 19:23:24 [info] Server running on port 5000 
2025-09-08 19:41:53 [info] Server running on port 5000 
2025-09-10 02:58:10 [info] Server running on port 5000 
2025-09-10 03:17:54 [info] Server running on port 5000 
2025-09-10 03:31:16 [info] Server running on port 5000 
2025-09-10 03:32:14 [info] Server running on port 5000 
2025-09-10 03:32:44 [info] Server running on port 5000 
2025-09-10 03:32:51 [info] Server running on port 5000 
2025-09-10 03:33:44 [info] Server running on port 5000 
2025-09-10 03:33:55 [info] Server running on port 5000 
2025-09-10 03:34:56 [info] Server running on port 5000 
2025-09-10 03:35:15 [info] Server running on port 5000 
2025-09-10 03:40:51 [info] Server running on port 5000 
2025-09-10 03:41:51 [info] Server running on port 5000 
2025-09-10 03:41:59 [info] Server running on port 5000 
2025-09-10 03:42:11 [info] Server running on port 5000 
2025-09-10 03:43:56 [info] Server running on port 5000 
2025-10-25 08:01:37 [info] Server running on port 4000 
2025-10-25 08:01:42 [info] Server running on port 4000 
2025-10-25 21:47:12 [info] Server running on port 4000 
2025-10-25 21:47:21 [info] Server running on port 4000 
2025-10-25 21:56:30 [info] Server running on port 4000 
2025-10-25 21:56:48 [info] Server running on port 4000 
2025-10-25 21:57:08 [info] Server running on port 4000 
2025-10-25 21:57:15 [info] Server running on port 4000 
2025-10-25 21:57:17 [info] Server running on port 4000 
2025-10-26 01:05:28 [info] Server running on port 4000 
2025-10-26 01:05:35 [info] Server running on port 4000 
2025-10-26 01:05:41 [info] Server running on port 4000 
2025-10-26 02:44:54 [info] Server running on port 4000 
2025-10-26 02:45:03 [info] Server running on port 4000 
2025-10-26 02:45:15 [info] Server running on port 4000 
2025-10-26 02:45:19 [info] Server running on port 4000 
2025-10-26 02:45:52 [info] Server running on port 4000 
2025-10-26 02:45:59 [info] Server running on port 4000 
2025-10-26 02:46:13 [info] Server running on port 4000 
2025-10-26 02:46:51 [info] Server running on port 4000 
